<?xml version="1.0" encoding="UTF-8"?>
<!-- Generated by org.testng.reporters.JUnitReportReporter -->
<testsuite hostname="Kamran_DELL_PC" failures="0" tests="3" name="com.artoftesting.test.SauceDemoLoginTest" time="1.344" errors="0" timestamp="2023-01-26T03:33:14 EST" skipped="0">
  <testcase classname="com.artoftesting.test.SauceDemoLoginTest" name="tempTest" time="0.087"/>
  <system-out/>
  <testcase classname="com.artoftesting.test.SauceDemoLoginTest" name="tempTest" time="0.108"/>
  <system-out/>
  <testcase classname="com.artoftesting.test.SauceDemoLoginTest" name="loginTest" time="1.149"/>
  <system-out/>
</testsuite> <!-- com.artoftesting.test.SauceDemoLoginTest -->
